14:03:02.890 INFO  s.meta.metals.Main$ - Starting server in /home/gadgil/code/DeptWeb
14:03:02.901 INFO  s.meta.metals.Main$ - Classpath: /home/gadgil/.atom/packages/ide-scala/coursier
Downloading https://repo1.maven.org/maven2/com/geirsson/scalafmt-cli_2.12/1.4.0/scalafmt-cli_2.12-1.4.0.pom
Downloading https://repo1.maven.org/maven2/com/geirsson/scalafmt-cli_2.12/1.4.0/scalafmt-cli_2.12-1.4.0.pom.sha1
Downloaded https://repo1.maven.org/maven2/com/geirsson/scalafmt-cli_2.12/1.4.0/scalafmt-cli_2.12-1.4.0.pom
Downloaded https://repo1.maven.org/maven2/com/geirsson/scalafmt-cli_2.12/1.4.0/scalafmt-cli_2.12-1.4.0.pom.sha1
Downloading https://repo1.maven.org/maven2/com/geirsson/scalafmt-cli_2.12/1.4.0/
Downloaded https://repo1.maven.org/maven2/com/geirsson/scalafmt-cli_2.12/1.4.0/
Downloading https://repo1.maven.org/maven2/com/geirsson/scalafmt-core_2.12/1.4.0/scalafmt-core_2.12-1.4.0.pom
Downloading https://repo1.maven.org/maven2/com/geirsson/scalafmt-core_2.12/1.4.0/scalafmt-core_2.12-1.4.0.pom.sha1
Downloading https://repo1.maven.org/maven2/org/scalameta/scalameta_2.12/1.7.0/scalameta_2.12-1.7.0.pom
Downloading https://repo1.maven.org/maven2/org/scalameta/scalameta_2.12/1.7.0/scalameta_2.12-1.7.0.pom.sha1
Downloading https://repo1.maven.org/maven2/org/scala-lang/scala-library/2.12.2/scala-library-2.12.2.pom.sha1
Downloading https://repo1.maven.org/maven2/org/scala-lang/scala-library/2.12.2/scala-library-2.12.2.pom
Downloaded https://repo1.maven.org/maven2/org/scalameta/scalameta_2.12/1.7.0/scalameta_2.12-1.7.0.pom.sha1
Downloaded https://repo1.maven.org/maven2/org/scalameta/scalameta_2.12/1.7.0/scalameta_2.12-1.7.0.pom
Downloading https://repo1.maven.org/maven2/org/scalameta/scalameta_2.12/1.7.0/
Downloaded https://repo1.maven.org/maven2/com/geirsson/scalafmt-core_2.12/1.4.0/scalafmt-core_2.12-1.4.0.pom.sha1
Downloaded https://repo1.maven.org/maven2/com/geirsson/scalafmt-core_2.12/1.4.0/scalafmt-core_2.12-1.4.0.pom
Downloading https://repo1.maven.org/maven2/com/geirsson/scalafmt-core_2.12/1.4.0/
Downloaded https://repo1.maven.org/maven2/org/scala-lang/scala-library/2.12.2/scala-library-2.12.2.pom.sha1
Downloaded https://repo1.maven.org/maven2/org/scalameta/scalameta_2.12/1.7.0/
Downloaded https://repo1.maven.org/maven2/com/geirsson/scalafmt-core_2.12/1.4.0/
Downloaded https://repo1.maven.org/maven2/org/scala-lang/scala-library/2.12.2/scala-library-2.12.2.pom
Downloading https://repo1.maven.org/maven2/org/scala-lang/scala-library/2.12.2/
Downloaded https://repo1.maven.org/maven2/org/scala-lang/scala-library/2.12.2/
Downloading https://repo1.maven.org/maven2/org/scalameta/common_2.12/1.7.0/common_2.12-1.7.0.pom
Downloading https://repo1.maven.org/maven2/org/scalameta/common_2.12/1.7.0/common_2.12-1.7.0.pom.sha1
Downloading https://repo1.maven.org/maven2/org/scalameta/trees_2.12/1.7.0/trees_2.12-1.7.0.pom
Downloading https://repo1.maven.org/maven2/org/scalameta/trees_2.12/1.7.0/trees_2.12-1.7.0.pom.sha1
Downloading https://repo1.maven.org/maven2/org/scalameta/transversers_2.12/1.7.0/transversers_2.12-1.7.0.pom
Downloading https://repo1.maven.org/maven2/org/scalameta/transversers_2.12/1.7.0/transversers_2.12-1.7.0.pom.sha1
Downloaded https://repo1.maven.org/maven2/org/scalameta/trees_2.12/1.7.0/trees_2.12-1.7.0.pom
Downloaded https://repo1.maven.org/maven2/org/scalameta/common_2.12/1.7.0/common_2.12-1.7.0.pom.sha1
Downloading https://repo1.maven.org/maven2/com/geirsson/metaconfig-core_2.12/0.4.0/metaconfig-core_2.12-0.4.0.pom
Downloading https://repo1.maven.org/maven2/com/geirsson/metaconfig-core_2.12/0.4.0/metaconfig-core_2.12-0.4.0.pom.sha1
Downloaded https://repo1.maven.org/maven2/org/scalameta/transversers_2.12/1.7.0/transversers_2.12-1.7.0.pom
Downloading https://repo1.maven.org/maven2/com/geirsson/metaconfig-typesafe-config_2.12/0.4.0/metaconfig-typesafe-config_2.12-0.4.0.pom
Downloaded https://repo1.maven.org/maven2/org/scalameta/trees_2.12/1.7.0/trees_2.12-1.7.0.pom.sha1
Downloading https://repo1.maven.org/maven2/com/geirsson/metaconfig-typesafe-config_2.12/0.4.0/metaconfig-typesafe-config_2.12-0.4.0.pom.sha1
Downloaded https://repo1.maven.org/maven2/org/scalameta/common_2.12/1.7.0/common_2.12-1.7.0.pom
Downloading https://repo1.maven.org/maven2/org/scalameta/tokenizers_2.12/1.7.0/tokenizers_2.12-1.7.0.pom
Downloaded https://repo1.maven.org/maven2/com/geirsson/metaconfig-core_2.12/0.4.0/metaconfig-core_2.12-0.4.0.pom.sha1
Downloading https://repo1.maven.org/maven2/org/scalameta/tokenizers_2.12/1.7.0/tokenizers_2.12-1.7.0.pom.sha1
Downloaded https://repo1.maven.org/maven2/com/geirsson/metaconfig-core_2.12/0.4.0/metaconfig-core_2.12-0.4.0.pom
Downloading https://repo1.maven.org/maven2/org/scalameta/semantic_2.12/1.7.0/semantic_2.12-1.7.0.pom
Downloaded https://repo1.maven.org/maven2/com/geirsson/metaconfig-typesafe-config_2.12/0.4.0/metaconfig-typesafe-config_2.12-0.4.0.pom
Downloading https://repo1.maven.org/maven2/org/scalameta/semantic_2.12/1.7.0/semantic_2.12-1.7.0.pom.sha1
Downloaded https://repo1.maven.org/maven2/com/geirsson/metaconfig-typesafe-config_2.12/0.4.0/metaconfig-typesafe-config_2.12-0.4.0.pom.sha1
Downloading https://repo1.maven.org/maven2/org/scalameta/parsers_2.12/1.7.0/parsers_2.12-1.7.0.pom
Downloaded https://repo1.maven.org/maven2/org/scalameta/tokenizers_2.12/1.7.0/tokenizers_2.12-1.7.0.pom
Downloading https://repo1.maven.org/maven2/org/scalameta/parsers_2.12/1.7.0/parsers_2.12-1.7.0.pom.sha1
Downloaded https://repo1.maven.org/maven2/org/scalameta/semantic_2.12/1.7.0/semantic_2.12-1.7.0.pom
Downloading https://repo1.maven.org/maven2/org/scalameta/dialects_2.12/1.7.0/dialects_2.12-1.7.0.pom
Downloaded https://repo1.maven.org/maven2/org/scalameta/tokenizers_2.12/1.7.0/tokenizers_2.12-1.7.0.pom.sha1
Downloading https://repo1.maven.org/maven2/org/scalameta/dialects_2.12/1.7.0/dialects_2.12-1.7.0.pom.sha1
Downloaded https://repo1.maven.org/maven2/org/scalameta/semantic_2.12/1.7.0/semantic_2.12-1.7.0.pom.sha1
Downloading https://repo1.maven.org/maven2/org/scalameta/inline_2.12/1.7.0/inline_2.12-1.7.0.pom
Downloaded https://repo1.maven.org/maven2/org/scalameta/parsers_2.12/1.7.0/parsers_2.12-1.7.0.pom.sha1
Downloaded https://repo1.maven.org/maven2/org/scalameta/parsers_2.12/1.7.0/parsers_2.12-1.7.0.pom
Downloading https://repo1.maven.org/maven2/org/scalameta/inline_2.12/1.7.0/inline_2.12-1.7.0.pom.sha1
Downloading https://repo1.maven.org/maven2/org/scalameta/quasiquotes_2.12/1.7.0/quasiquotes_2.12-1.7.0.pom
Downloaded https://repo1.maven.org/maven2/org/scalameta/transversers_2.12/1.7.0/transversers_2.12-1.7.0.pom.sha1
Downloading https://repo1.maven.org/maven2/org/scalameta/quasiquotes_2.12/1.7.0/quasiquotes_2.12-1.7.0.pom.sha1
Downloaded https://repo1.maven.org/maven2/org/scalameta/dialects_2.12/1.7.0/dialects_2.12-1.7.0.pom
Downloaded https://repo1.maven.org/maven2/org/scalameta/inline_2.12/1.7.0/inline_2.12-1.7.0.pom.sha1
Downloaded https://repo1.maven.org/maven2/org/scalameta/inline_2.12/1.7.0/inline_2.12-1.7.0.pom
Downloaded https://repo1.maven.org/maven2/org/scalameta/quasiquotes_2.12/1.7.0/quasiquotes_2.12-1.7.0.pom
Downloaded https://repo1.maven.org/maven2/org/scalameta/dialects_2.12/1.7.0/dialects_2.12-1.7.0.pom.sha1
Downloading https://repo1.maven.org/maven2/org/scalameta/tokenizers_2.12/1.7.0/
Downloading https://repo1.maven.org/maven2/com/geirsson/metaconfig-typesafe-config_2.12/0.4.0/
Downloading https://repo1.maven.org/maven2/com/geirsson/metaconfig-core_2.12/0.4.0/
Downloading https://repo1.maven.org/maven2/org/scalameta/common_2.12/1.7.0/
Downloading https://repo1.maven.org/maven2/org/scalameta/semantic_2.12/1.7.0/
Downloaded https://repo1.maven.org/maven2/org/scalameta/quasiquotes_2.12/1.7.0/quasiquotes_2.12-1.7.0.pom.sha1
Downloading https://repo1.maven.org/maven2/org/scalameta/trees_2.12/1.7.0/
Downloaded https://repo1.maven.org/maven2/org/scalameta/semantic_2.12/1.7.0/
Downloaded https://repo1.maven.org/maven2/org/scalameta/common_2.12/1.7.0/
Downloading https://repo1.maven.org/maven2/org/scalameta/inline_2.12/1.7.0/
Downloading https://repo1.maven.org/maven2/org/scalameta/parsers_2.12/1.7.0/
Downloaded https://repo1.maven.org/maven2/org/scalameta/tokenizers_2.12/1.7.0/
Downloading https://repo1.maven.org/maven2/org/scalameta/transversers_2.12/1.7.0/
Downloaded https://repo1.maven.org/maven2/com/geirsson/metaconfig-core_2.12/0.4.0/
Downloading https://repo1.maven.org/maven2/org/scalameta/dialects_2.12/1.7.0/
Downloaded https://repo1.maven.org/maven2/com/geirsson/metaconfig-typesafe-config_2.12/0.4.0/
Downloading https://repo1.maven.org/maven2/org/scalameta/quasiquotes_2.12/1.7.0/
Downloaded https://repo1.maven.org/maven2/org/scalameta/trees_2.12/1.7.0/
Downloaded https://repo1.maven.org/maven2/org/scalameta/parsers_2.12/1.7.0/
Downloaded https://repo1.maven.org/maven2/org/scalameta/transversers_2.12/1.7.0/
Downloaded https://repo1.maven.org/maven2/org/scalameta/inline_2.12/1.7.0/
Downloaded https://repo1.maven.org/maven2/org/scalameta/dialects_2.12/1.7.0/
Downloaded https://repo1.maven.org/maven2/org/scalameta/quasiquotes_2.12/1.7.0/
Downloading https://repo1.maven.org/maven2/org/scalameta/inputs_2.12/1.7.0/inputs_2.12-1.7.0.pom
Downloading https://repo1.maven.org/maven2/org/scalameta/inputs_2.12/1.7.0/inputs_2.12-1.7.0.pom.sha1
Downloading https://repo1.maven.org/maven2/org/scalameta/tokens_2.12/1.7.0/tokens_2.12-1.7.0.pom
Downloading https://repo1.maven.org/maven2/org/scalameta/tokens_2.12/1.7.0/tokens_2.12-1.7.0.pom.sha1
Downloaded https://repo1.maven.org/maven2/org/scalameta/inputs_2.12/1.7.0/inputs_2.12-1.7.0.pom.sha1
Downloaded https://repo1.maven.org/maven2/org/scalameta/tokens_2.12/1.7.0/tokens_2.12-1.7.0.pom.sha1
Downloading https://repo1.maven.org/maven2/com/trueaccord/scalapb/scalapb-runtime_2.12/0.6.0-pre2/scalapb-runtime_2.12-0.6.0-pre2.pom.sha1
Downloading https://repo1.maven.org/maven2/com/trueaccord/scalapb/scalapb-runtime_2.12/0.6.0-pre2/scalapb-runtime_2.12-0.6.0-pre2.pom
Downloaded https://repo1.maven.org/maven2/org/scalameta/tokens_2.12/1.7.0/tokens_2.12-1.7.0.pom
Downloading https://repo1.maven.org/maven2/org/scalameta/tokens_2.12/1.7.0/
Downloaded https://repo1.maven.org/maven2/org/scalameta/inputs_2.12/1.7.0/inputs_2.12-1.7.0.pom
Downloading https://repo1.maven.org/maven2/org/scalameta/inputs_2.12/1.7.0/
Downloading https://repo1.maven.org/maven2/com/lihaoyi/scalaparse_2.12/0.4.2/scalaparse_2.12-0.4.2.pom
Downloading https://repo1.maven.org/maven2/com/lihaoyi/scalaparse_2.12/0.4.2/scalaparse_2.12-0.4.2.pom.sha1
Downloaded https://repo1.maven.org/maven2/com/trueaccord/scalapb/scalapb-runtime_2.12/0.6.0-pre2/scalapb-runtime_2.12-0.6.0-pre2.pom.sha1
Downloaded https://repo1.maven.org/maven2/com/trueaccord/scalapb/scalapb-runtime_2.12/0.6.0-pre2/scalapb-runtime_2.12-0.6.0-pre2.pom
Downloading https://repo1.maven.org/maven2/com/trueaccord/scalapb/scalapb-runtime_2.12/0.6.0-pre2/
Downloaded https://repo1.maven.org/maven2/org/scalameta/inputs_2.12/1.7.0/
Downloaded https://repo1.maven.org/maven2/org/scalameta/tokens_2.12/1.7.0/
Downloaded https://repo1.maven.org/maven2/com/lihaoyi/scalaparse_2.12/0.4.2/scalaparse_2.12-0.4.2.pom
Downloaded https://repo1.maven.org/maven2/com/trueaccord/scalapb/scalapb-runtime_2.12/0.6.0-pre2/
Downloaded https://repo1.maven.org/maven2/com/lihaoyi/scalaparse_2.12/0.4.2/scalaparse_2.12-0.4.2.pom.sha1
Downloading https://repo1.maven.org/maven2/com/lihaoyi/scalaparse_2.12/0.4.2/
Downloaded https://repo1.maven.org/maven2/com/lihaoyi/scalaparse_2.12/0.4.2/
Downloading https://repo1.maven.org/maven2/com/google/protobuf/protobuf-java/3.2.0/protobuf-java-3.2.0.pom
Downloading https://repo1.maven.org/maven2/com/google/protobuf/protobuf-java/3.2.0/protobuf-java-3.2.0.pom.sha1
Downloading https://repo1.maven.org/maven2/org/scalameta/io_2.12/1.7.0/io_2.12-1.7.0.pom
Downloading https://repo1.maven.org/maven2/org/scalameta/io_2.12/1.7.0/io_2.12-1.7.0.pom.sha1
Downloading https://repo1.maven.org/maven2/com/trueaccord/lenses/lenses_2.12/0.4.10/lenses_2.12-0.4.10.pom.sha1
Downloading https://repo1.maven.org/maven2/com/trueaccord/lenses/lenses_2.12/0.4.10/lenses_2.12-0.4.10.pom
Downloaded https://repo1.maven.org/maven2/org/scalameta/io_2.12/1.7.0/io_2.12-1.7.0.pom
Downloaded https://repo1.maven.org/maven2/org/scalameta/io_2.12/1.7.0/io_2.12-1.7.0.pom.sha1
Downloaded https://repo1.maven.org/maven2/com/google/protobuf/protobuf-java/3.2.0/protobuf-java-3.2.0.pom
Downloading https://repo1.maven.org/maven2/org/scalameta/io_2.12/1.7.0/
Downloaded https://repo1.maven.org/maven2/com/google/protobuf/protobuf-java/3.2.0/protobuf-java-3.2.0.pom.sha1
Downloading https://repo1.maven.org/maven2/com/google/protobuf/protobuf-java/3.2.0/
Downloaded https://repo1.maven.org/maven2/com/trueaccord/lenses/lenses_2.12/0.4.10/lenses_2.12-0.4.10.pom.sha1
Downloaded https://repo1.maven.org/maven2/org/scalameta/io_2.12/1.7.0/
Downloaded https://repo1.maven.org/maven2/com/google/protobuf/protobuf-java/3.2.0/
Downloaded https://repo1.maven.org/maven2/com/trueaccord/lenses/lenses_2.12/0.4.10/lenses_2.12-0.4.10.pom
Downloading https://repo1.maven.org/maven2/com/trueaccord/lenses/lenses_2.12/0.4.10/
Downloaded https://repo1.maven.org/maven2/com/trueaccord/lenses/lenses_2.12/0.4.10/
Downloading https://repo1.maven.org/maven2/com/google/protobuf/protobuf-parent/3.2.0/protobuf-parent-3.2.0.pom
Downloading https://repo1.maven.org/maven2/com/google/protobuf/protobuf-parent/3.2.0/protobuf-parent-3.2.0.pom.sha1
Downloaded https://repo1.maven.org/maven2/com/google/protobuf/protobuf-parent/3.2.0/protobuf-parent-3.2.0.pom.sha1
Downloaded https://repo1.maven.org/maven2/com/google/protobuf/protobuf-parent/3.2.0/protobuf-parent-3.2.0.pom
Downloading https://repo1.maven.org/maven2/com/google/protobuf/protobuf-parent/3.2.0/
Downloaded https://repo1.maven.org/maven2/com/google/protobuf/protobuf-parent/3.2.0/
14:03:12.271 INFO  s.m.m.Formatter$ - Classloading scalafmt with 28 downloaded jars
14:03:12.662 INFO  s.meta.metals.Main$ - Listening....
14:03:12.739 INFO  s.m.m.MetalsServices - Initialized with /home/gadgil/code/DeptWeb, InitializeParams(10153,/home/gadgil/code/DeptWeb/,ClientCapabilities())
14:03:12.890 INFO  s.m.m.MetalsServices - File /home/gadgil/code/DeptWeb/project/target/active.json changed
14:03:12.979 INFO  s.m.m.MetalsServices - Client is initialized
14:03:12.995 INFO  s.m.m.MetalsServices - Configuration updated Configuration(Sbt(Enabled(true),),Scalac(Enabled(false),Enabled(false)),Scalafmt(true,false,1.4.0,Some(.scalafmt.conf)),Scalafix(true,Some(.scalafix.conf)),Search(true,true),Enabled(true),Enabled(false),Enabled(false))
14:10:16.715 INFO  s.m.m.s.InMemorySymbolIndex - resolveName at Uri(file:///home/gadgil/code/DeptWeb/build.sc):6:32
14:28:37.435 INFO  s.m.m.s.InMemorySymbolIndex - resolveName at Uri(file:///home/gadgil/code/DeptWeb/server/src/Server.scala):15:17
